Connection opened
WebSocket connection open
Starting Video Capture
Closing Video Capture
Starting Video Capture
Closing Video Capture
None
Connection opened
WebSocket connection open
Starting Video Capture
Starting Video Capture
Starting Video Capture
None
Connection opened
WebSocket connection open
Starting Video Capture
Closing Video Capture
Starting Video Capture
Closing Video Capture
None
Connection opened
WebSocket connection open
Starting Video Capture
Closing Video Capture
Starting Video Capture
None
Connection opened
WebSocket connection open
connection was closed uncleanly (peer dropped the TCP connection without previous WebSocket closing handshake)
